08
961.123
903.983
603.064
694.8
246.771
840.806
130.885
980.269
455.858
609.8
089.545
703.642
224.462
343.368
242.42
748.605
298.101
386.134
842.411
671.496
611.713
438.475
177.204
943.649
133.614
547.117
614.84
246.798
454.71
483.153
410.943
860.423
944.051
808.638
341.715
770.405
517.832
971.287
997.069
703.353
427.323
054.538
090.819
924.474
441.553
863.217
615.122
783.889
417.483
740.296
534
91
952
163
797
447
221
028
98
148
120.0
275.0
525.0
712.0
705.0
352.0
176.0
077.0
383.0
964.0
603.
594.
462.
521.
126.
072.
986.
908.
939.
002.
